{"/home/travis/build/npmtest/node-npmtest-rpi-gpio/test.js":{"path":"/home/travis/build/npmtest/node-npmtest-rpi-gpio/test.js","s":{"1":2,"2":2,"3":2,"4":2,"5":2,"6":2,"7":2,"8":1,"9":2,"10":2,"11":1,"12":1,"13":1,"14":1,"15":2,"16":2,"17":2,"18":2,"19":1,"20":1,"21":2,"22":2,"23":2,"24":1,"25":1,"26":1,"27":1,"28":1,"29":1,"30":1,"31":1,"32":1,"33":1,"34":1,"35":1,"36":1,"37":2,"38":2,"39":1,"40":2,"41":2,"42":1,"43":2,"44":2,"45":1,"46":2,"47":2,"48":1,"49":1,"50":1,"51":1,"52":1},"b":{"1":[2,1,1,1],"2":[1,1,1,1],"3":[1,1],"4":[1,1],"5":[1,1],"6":[1,1],"7":[1,1],"8":[1,1],"9":[1,1,1],"10":[1,1],"11":[1,1],"12":[1,1],"13":[1,1],"14":[1,1],"15":[1,1],"16":[1,1]},"f":{"1":2,"2":2,"3":2,"4":2,"5":2,"6":1,"7":1,"8":2,"9":2,"10":2,"11":2,"12":1},"fnMap":{"1":{"name":"(anonymous_1)","line":12,"loc":{"start":{"line":12,"column":1},"end":{"line":12,"column":13}}},"2":{"name":"(anonymous_2)","line":19,"loc":{"start":{"line":19,"column":5},"end":{"line":19,"column":17}}},"3":{"name":"(anonymous_3)","line":23,"loc":{"start":{"line":23,"column":24},"end":{"line":23,"column":36}}},"4":{"name":"(anonymous_4)","line":61,"loc":{"start":{"line":61,"column":5},"end":{"line":61,"column":17}}},"5":{"name":"(anonymous_5)","line":82,"loc":{"start":{"line":82,"column":5},"end":{"line":82,"column":17}}},"6":{"name":"(anonymous_6)","line":102,"loc":{"start":{"line":102,"column":83},"end":{"line":105,"column":10}},"skip":true},"7":{"name":"(anonymous_7)","line":113,"loc":{"start":{"line":113,"column":77},"end":{"line":116,"column":10}},"skip":true},"8":{"name":"(anonymous_8)","line":129,"loc":{"start":{"line":129,"column":12},"end":{"line":129,"column":40}},"skip":true},"9":{"name":"(anonymous_9)","line":137,"loc":{"start":{"line":137,"column":77},"end":{"line":140,"column":10}},"skip":true},"10":{"name":"(anonymous_10)","line":148,"loc":{"start":{"line":148,"column":83},"end":{"line":151,"column":10}},"skip":true},"11":{"name":"(anonymous_11)","line":159,"loc":{"start":{"line":159,"column":79},"end":{"line":162,"column":10}},"skip":true},"12":{"name":"(anonymous_12)","line":170,"loc":{"start":{"line":170,"column":75},"end":{"line":173,"column":10}},"skip":true}},"statementMap":{"1":{"start":{"line":12,"column":0},"end":{"line":185,"column":5}},"2":{"start":{"line":14,"column":4},"end":{"line":14,"column":14}},"3":{"start":{"line":19,"column":4},"end":{"line":56,"column":9}},"4":{"start":{"line":21,"column":8},"end":{"line":21,"column":19}},"5":{"start":{"line":23,"column":8},"end":{"line":35,"column":13}},"6":{"start":{"line":24,"column":12},"end":{"line":34,"column":13}},"7":{"start":{"line":25,"column":16},"end":{"line":28,"column":30}},"8":{"start":{"line":30,"column":16},"end":{"line":33,"column":27}},"9":{"start":{"line":37,"column":8},"end":{"line":39,"column":21}},"10":{"start":{"line":40,"column":8},"end":{"line":53,"column":9}},"11":{"start":{"line":43,"column":12},"end":{"line":46,"column":14}},"12":{"start":{"line":47,"column":12},"end":{"line":47,"column":18}},"13":{"start":{"line":50,"column":12},"end":{"line":51,"column":46}},"14":{"start":{"line":52,"column":12},"end":{"line":52,"column":18}},"15":{"start":{"line":55,"column":8},"end":{"line":55,"column":35}},"16":{"start":{"line":61,"column":4},"end":{"line":63,"column":9}},"17":{"start":{"line":62,"column":8},"end":{"line":62,"column":15}},"18":{"start":{"line":64,"column":4},"end":{"line":77,"column":5}},"19":{"start":{"line":70,"column":8},"end":{"line":70,"column":14}},"20":{"start":{"line":76,"column":8},"end":{"line":76,"column":14}},"21":{"start":{"line":82,"column":4},"end":{"line":84,"column":9}},"22":{"start":{"line":83,"column":8},"end":{"line":83,"column":15}},"23":{"start":{"line":85,"column":4},"end":{"line":184,"column":5}},"24":{"start":{"line":92,"column":8},"end":{"line":94,"column":63}},"25":{"start":{"line":95,"column":8},"end":{"line":95,"column":14}},"26":{"start":{"line":102,"column":8},"end":{"line":111,"column":10},"skip":true},"27":{"start":{"line":109,"column":12},"end":{"line":109,"column":55},"skip":true},"28":{"start":{"line":110,"column":12},"end":{"line":110,"column":48},"skip":true},"29":{"start":{"line":113,"column":8},"end":{"line":126,"column":10},"skip":true},"30":{"start":{"line":120,"column":12},"end":{"line":120,"column":76},"skip":true},"31":{"start":{"line":121,"column":12},"end":{"line":121,"column":73},"skip":true},"32":{"start":{"line":122,"column":12},"end":{"line":122,"column":74},"skip":true},"33":{"start":{"line":123,"column":12},"end":{"line":123,"column":79},"skip":true},"34":{"start":{"line":124,"column":12},"end":{"line":124,"column":25},"skip":true},"35":{"start":{"line":125,"column":12},"end":{"line":125,"column":45},"skip":true},"36":{"start":{"line":128,"column":8},"end":{"line":135,"column":14},"skip":true},"37":{"start":{"line":133,"column":16},"end":{"line":133,"column":29},"skip":true},"38":{"start":{"line":134,"column":16},"end":{"line":134,"column":55},"skip":true},"39":{"start":{"line":137,"column":8},"end":{"line":146,"column":10},"skip":true},"40":{"start":{"line":144,"column":12},"end":{"line":144,"column":25},"skip":true},"41":{"start":{"line":145,"column":12},"end":{"line":145,"column":45},"skip":true},"42":{"start":{"line":148,"column":8},"end":{"line":157,"column":10},"skip":true},"43":{"start":{"line":155,"column":12},"end":{"line":155,"column":25},"skip":true},"44":{"start":{"line":156,"column":12},"end":{"line":156,"column":48},"skip":true},"45":{"start":{"line":159,"column":8},"end":{"line":168,"column":10},"skip":true},"46":{"start":{"line":166,"column":12},"end":{"line":166,"column":25},"skip":true},"47":{"start":{"line":167,"column":12},"end":{"line":167,"column":46},"skip":true},"48":{"start":{"line":170,"column":8},"end":{"line":179,"column":10},"skip":true},"49":{"start":{"line":177,"column":12},"end":{"line":177,"column":94},"skip":true},"50":{"start":{"line":178,"column":12},"end":{"line":178,"column":48},"skip":true},"51":{"start":{"line":182,"column":8},"end":{"line":182,"column":35},"skip":true},"52":{"start":{"line":183,"column":8},"end":{"line":183,"column":14},"skip":true}},"branchMap":{"1":{"line":25,"type":"binary-expr","locations":[{"start":{"line":25,"column":23},"end":{"line":25,"column":62}},{"start":{"line":26,"column":20},"end":{"line":26,"column":70}},{"start":{"line":27,"column":20},"end":{"line":27,"column":71}},{"start":{"line":28,"column":20},"end":{"line":28,"column":29}}]},"2":{"line":30,"type":"binary-expr","locations":[{"start":{"line":30,"column":23},"end":{"line":30,"column":37}},{"start":{"line":31,"column":20},"end":{"line":31,"column":61}},{"start":{"line":32,"column":20},"end":{"line":32,"column":70}},{"start":{"line":33,"column":20},"end":{"line":33,"column":26}}]},"3":{"line":37,"type":"cond-expr","locations":[{"start":{"line":38,"column":14},"end":{"line":38,"column":20}},{"start":{"line":39,"column":14},"end":{"line":39,"column":20}}]},"4":{"line":40,"type":"switch","locations":[{"start":{"line":42,"column":8},"end":{"line":47,"column":18}},{"start":{"line":49,"column":8},"end":{"line":52,"column":18}}]},"5":{"line":44,"type":"binary-expr","locations":[{"start":{"line":44,"column":16},"end":{"line":44,"column":44}},{"start":{"line":44,"column":48},"end":{"line":44,"column":66}}]},"6":{"line":50,"type":"binary-expr","locations":[{"start":{"line":50,"column":21},"end":{"line":50,"column":49}},{"start":{"line":50,"column":53},"end":{"line":50,"column":72}}]},"7":{"line":64,"type":"switch","locations":[{"start":{"line":69,"column":4},"end":{"line":70,"column":14}},{"start":{"line":75,"column":4},"end":{"line":76,"column":14}}]},"8":{"line":85,"type":"switch","locations":[{"start":{"line":90,"column":4},"end":{"line":95,"column":14}},{"start":{"line":101,"column":4},"end":{"line":183,"column":14},"skip":true}]},"9":{"line":92,"type":"binary-expr","locations":[{"start":{"line":92,"column":18},"end":{"line":92,"column":32}},{"start":{"line":93,"column":12},"end":{"line":93,"column":53}},{"start":{"line":94,"column":12},"end":{"line":94,"column":61}}]},"10":{"line":102,"type":"binary-expr","locations":[{"start":{"line":102,"column":45},"end":{"line":102,"column":79},"skip":true},{"start":{"line":102,"column":83},"end":{"line":111,"column":9},"skip":true}]},"11":{"line":113,"type":"binary-expr","locations":[{"start":{"line":113,"column":42},"end":{"line":113,"column":73},"skip":true},{"start":{"line":113,"column":77},"end":{"line":126,"column":9},"skip":true}]},"12":{"line":128,"type":"binary-expr","locations":[{"start":{"line":128,"column":48},"end":{"line":128,"column":85},"skip":true},{"start":{"line":129,"column":12},"end":{"line":135,"column":13},"skip":true}]},"13":{"line":137,"type":"binary-expr","locations":[{"start":{"line":137,"column":42},"end":{"line":137,"column":73},"skip":true},{"start":{"line":137,"column":77},"end":{"line":146,"column":9},"skip":true}]},"14":{"line":148,"type":"binary-expr","locations":[{"start":{"line":148,"column":45},"end":{"line":148,"column":79},"skip":true},{"start":{"line":148,"column":83},"end":{"line":157,"column":9},"skip":true}]},"15":{"line":159,"type":"binary-expr","locations":[{"start":{"line":159,"column":43},"end":{"line":159,"column":75},"skip":true},{"start":{"line":159,"column":79},"end":{"line":168,"column":9},"skip":true}]},"16":{"line":170,"type":"binary-expr","locations":[{"start":{"line":170,"column":41},"end":{"line":170,"column":71},"skip":true},{"start":{"line":170,"column":75},"end":{"line":179,"column":9},"skip":true}]}},"code":["/* istanbul instrument in package npmtest_rpi_gpio */","/*jslint","    bitwise: true,","    browser: true,","    maxerr: 8,","    maxlen: 96,","    node: true,","    nomen: true,","    regexp: true,","    stupid: true","*/","(function () {","    'use strict';","    var local;","","","","    // run shared js-env code - pre-init","    (function () {","        // init local","        local = {};","        // init modeJs","        local.modeJs = (function () {","            try {","                return typeof navigator.userAgent === 'string' &&","                    typeof document.querySelector('body') === 'object' &&","                    typeof XMLHttpRequest.prototype.open === 'function' &&","                    'browser';","            } catch (errorCaughtBrowser) {","                return module.exports &&","                    typeof process.versions.node === 'string' &&","                    typeof require('http').createServer === 'function' &&","                    'node';","            }","        }());","        // init global","        local.global = local.modeJs === 'browser'","            ? window","            : global;","        switch (local.modeJs) {","        // re-init local from window.local","        case 'browser':","            local = local.global.utility2.objectSetDefault(","                local.global.utility2_rollup || local.global.local,","                local.global.utility2","            );","            break;","        // re-init local from example.js","        case 'node':","            local = (local.global.utility2_rollup || require('utility2'))","                .requireExampleJsFromReadme();","            break;","        }","        // export local","        local.global.local = local;","    }());","","","","    // run shared js-env code - function","    (function () {","        return;","    }());","    switch (local.modeJs) {","","","","    // run browser js-env code - function","    case 'browser':","        break;","","","","    // run node js-env code - function","    case 'node':","        break;","    }","","","","    // run shared js-env code - post-init","    (function () {","        return;","    }());","    switch (local.modeJs) {","","","","    // run browser js-env code - post-init","    case 'browser':","        // run tests","        local.nop(local.modeTest &&","            document.querySelector('#testRunButton1') &&","            document.querySelector('#testRunButton1').click());","        break;","","","","    // run node js-env code - post-init","    /* istanbul ignore next */","    case 'node':","        local.testCase_buildApidoc_default = local.testCase_buildApidoc_default || function (","            options,","            onError","        ) {","        /*","         * this function will test buildApidoc's default handling-behavior-behavior","         */","            options = { modulePathList: module.paths };","            local.buildApidoc(options, onError);","        };","","        local.testCase_buildApp_default = local.testCase_buildApp_default || function (","            options,","            onError","        ) {","        /*","         * this function will test buildApp's default handling-behavior-behavior","         */","            local.testCase_buildReadme_default(options, local.onErrorThrow);","            local.testCase_buildLib_default(options, local.onErrorThrow);","            local.testCase_buildTest_default(options, local.onErrorThrow);","            local.testCase_buildCustomOrg_default(options, local.onErrorThrow);","            options = [];","            local.buildApp(options, onError);","        };","","        local.testCase_buildCustomOrg_default = local.testCase_buildCustomOrg_default ||","            function (options, onError) {","            /*","             * this function will test buildCustomOrg's default handling-behavior","             */","                options = {};","                local.buildCustomOrg(options, onError);","            };","","        local.testCase_buildLib_default = local.testCase_buildLib_default || function (","            options,","            onError","        ) {","        /*","         * this function will test buildLib's default handling-behavior","         */","            options = {};","            local.buildLib(options, onError);","        };","","        local.testCase_buildReadme_default = local.testCase_buildReadme_default || function (","            options,","            onError","        ) {","        /*","         * this function will test buildReadme's default handling-behavior-behavior","         */","            options = {};","            local.buildReadme(options, onError);","        };","","        local.testCase_buildTest_default = local.testCase_buildTest_default || function (","            options,","            onError","        ) {","        /*","         * this function will test buildTest's default handling-behavior","         */","            options = {};","            local.buildTest(options, onError);","        };","","        local.testCase_webpage_default = local.testCase_webpage_default || function (","            options,","            onError","        ) {","        /*","         * this function will test webpage's default handling-behavior","         */","            options = { modeCoverageMerge: true, url: local.serverLocalHost + '?modeTest=1' };","            local.browserTest(options, onError);","        };","","        // run test-server","        local.testRunServer(local);","        break;","    }","}());",""],"l":{"12":2,"14":2,"19":2,"21":2,"23":2,"24":2,"25":2,"30":1,"37":2,"40":2,"43":1,"47":1,"50":1,"52":1,"55":2,"61":2,"62":2,"64":2,"70":1,"76":1,"82":2,"83":2,"85":2,"92":1,"95":1,"102":1,"109":1,"110":1,"113":1,"120":1,"121":1,"122":1,"123":1,"124":1,"125":1,"128":1,"133":2,"134":2,"137":1,"144":2,"145":2,"148":1,"155":2,"156":2,"159":1,"166":2,"167":2,"170":1,"177":1,"178":1,"182":1,"183":1}},"/home/travis/build/npmtest/node-npmtest-rpi-gpio/lib.npmtest_rpi_gpio.js":{"path":"/home/travis/build/npmtest/node-npmtest-rpi-gpio/lib.npmtest_rpi_gpio.js","s":{"1":2,"2":2,"3":2,"4":2,"5":2,"6":2,"7":2,"8":1,"9":2,"10":2,"11":2,"12":2,"13":1,"14":1,"15":1,"16":1},"b":{"1":[2,1,1,1],"2":[1,1,1,1],"3":[1,1],"4":[2,2],"5":[1,1]},"f":{"1":2,"2":2,"3":2},"fnMap":{"1":{"name":"(anonymous_1)","line":12,"loc":{"start":{"line":12,"column":1},"end":{"line":12,"column":13}}},"2":{"name":"(anonymous_2)","line":19,"loc":{"start":{"line":19,"column":5},"end":{"line":19,"column":17}}},"3":{"name":"(anonymous_3)","line":23,"loc":{"start":{"line":23,"column":24},"end":{"line":23,"column":36}}}},"statementMap":{"1":{"start":{"line":12,"column":0},"end":{"line":53,"column":5}},"2":{"start":{"line":14,"column":4},"end":{"line":14,"column":14}},"3":{"start":{"line":19,"column":4},"end":{"line":52,"column":9}},"4":{"start":{"line":21,"column":8},"end":{"line":21,"column":19}},"5":{"start":{"line":23,"column":8},"end":{"line":35,"column":13}},"6":{"start":{"line":24,"column":12},"end":{"line":34,"column":13}},"7":{"start":{"line":25,"column":16},"end":{"line":28,"column":30}},"8":{"start":{"line":30,"column":16},"end":{"line":33,"column":27}},"9":{"start":{"line":37,"column":8},"end":{"line":39,"column":21}},"10":{"start":{"line":41,"column":8},"end":{"line":41,"column":54}},"11":{"start":{"line":43,"column":8},"end":{"line":43,"column":53}},"12":{"start":{"line":45,"column":8},"end":{"line":51,"column":9}},"13":{"start":{"line":46,"column":12},"end":{"line":46,"column":59}},"14":{"start":{"line":48,"column":12},"end":{"line":48,"column":35}},"15":{"start":{"line":49,"column":12},"end":{"line":49,"column":49}},"16":{"start":{"line":50,"column":12},"end":{"line":50,"column":43}}},"branchMap":{"1":{"line":25,"type":"binary-expr","locations":[{"start":{"line":25,"column":23},"end":{"line":25,"column":62}},{"start":{"line":26,"column":20},"end":{"line":26,"column":70}},{"start":{"line":27,"column":20},"end":{"line":27,"column":71}},{"start":{"line":28,"column":20},"end":{"line":28,"column":29}}]},"2":{"line":30,"type":"binary-expr","locations":[{"start":{"line":30,"column":23},"end":{"line":30,"column":37}},{"start":{"line":31,"column":20},"end":{"line":31,"column":61}},{"start":{"line":32,"column":20},"end":{"line":32,"column":70}},{"start":{"line":33,"column":20},"end":{"line":33,"column":26}}]},"3":{"line":37,"type":"cond-expr","locations":[{"start":{"line":38,"column":14},"end":{"line":38,"column":20}},{"start":{"line":39,"column":14},"end":{"line":39,"column":20}}]},"4":{"line":41,"type":"binary-expr","locations":[{"start":{"line":41,"column":16},"end":{"line":41,"column":44}},{"start":{"line":41,"column":48},"end":{"line":41,"column":53}}]},"5":{"line":45,"type":"if","locations":[{"start":{"line":45,"column":8},"end":{"line":45,"column":8}},{"start":{"line":45,"column":8},"end":{"line":45,"column":8}}]}},"code":["/* istanbul instrument in package npmtest_rpi_gpio */","/*jslint","    bitwise: true,","    browser: true,","    maxerr: 8,","    maxlen: 96,","    node: true,","    nomen: true,","    regexp: true,","    stupid: true","*/","(function () {","    'use strict';","    var local;","","","","    // run shared js-env code - pre-init","    (function () {","        // init local","        local = {};","        // init modeJs","        local.modeJs = (function () {","            try {","                return typeof navigator.userAgent === 'string' &&","                    typeof document.querySelector('body') === 'object' &&","                    typeof XMLHttpRequest.prototype.open === 'function' &&","                    'browser';","            } catch (errorCaughtBrowser) {","                return module.exports &&","                    typeof process.versions.node === 'string' &&","                    typeof require('http').createServer === 'function' &&","                    'node';","            }","        }());","        // init global","        local.global = local.modeJs === 'browser'","            ? window","            : global;","        // init utility2_rollup","        local = local.global.utility2_rollup || local;","        // init lib","        local.local = local.npmtest_rpi_gpio = local;","        // init exports","        if (local.modeJs === 'browser') {","            local.global.utility2_npmtest_rpi_gpio = local;","        } else {","            module.exports = local;","            module.exports.__dirname = __dirname;","            module.exports.module = module;","        }","    }());","}());",""],"l":{"12":2,"14":2,"19":2,"21":2,"23":2,"24":2,"25":2,"30":1,"37":2,"41":2,"43":2,"45":2,"46":1,"48":1,"49":1,"50":1}},"/home/travis/build/npmtest/node-npmtest-rpi-gpio/example.js":{"path":"/home/travis/build/npmtest/node-npmtest-rpi-gpio/example.js","s":{"1":2,"2":2,"3":2,"4":2,"5":2,"6":2,"7":2,"8":1,"9":2,"10":2,"11":2,"12":2,"13":1,"14":2,"15":2,"16":2,"17":2,"18":2,"19":0,"20":2,"21":1,"22":1,"23":1,"24":1,"25":1,"26":0,"27":0,"28":1,"29":1,"30":2,"31":0,"32":0,"33":0,"34":1,"35":2,"36":2,"37":2,"38":2,"39":2,"40":2,"41":0,"42":2,"43":2,"44":2,"45":1,"46":3,"47":1,"48":1,"49":1,"50":1,"51":1,"52":1,"53":1,"54":1,"55":1,"56":1,"57":0,"58":1,"59":6,"60":6,"61":1,"62":2,"63":0,"64":2,"65":1,"66":1,"67":0,"68":0,"69":0,"70":0,"71":0,"72":0,"73":0,"74":0,"75":0,"76":0,"77":0,"78":0,"79":0,"80":0,"81":0,"82":0,"83":0},"b":{"1":[2,1,1,1],"2":[1,1,1,1],"3":[1,1],"4":[2,2],"5":[1,1],"6":[1,1],"7":[2,0],"8":[2,1,1,1,1,1],"9":[0,2,0],"10":[1,1],"11":[2,1,1],"12":[1,0],"13":[0,2],"14":[2,0,0,0,0,0,0],"15":[0,2],"16":[2,0],"17":[1,1],"18":[0,1],"19":[1,2,0,2],"20":[1,0],"21":[1,1],"22":[0,0],"23":[0,0],"24":[0,0],"25":[0,0],"26":[0,0],"27":[0,0],"28":[0,0]},"f":{"1":2,"2":2,"3":2,"4":2,"5":2,"6":2,"7":2,"8":2,"9":3,"10":1,"11":6,"12":0},"fnMap":{"1":{"name":"(anonymous_1)","line":26,"loc":{"start":{"line":26,"column":1},"end":{"line":26,"column":13}}},"2":{"name":"(anonymous_2)","line":33,"loc":{"start":{"line":33,"column":5},"end":{"line":33,"column":17}}},"3":{"name":"(anonymous_3)","line":37,"loc":{"start":{"line":37,"column":24},"end":{"line":37,"column":36}}},"4":{"name":"(anonymous_4)","line":69,"loc":{"start":{"line":69,"column":31},"end":{"line":69,"column":48}},"skip":true},"5":{"name":"(anonymous_5)","line":78,"loc":{"start":{"line":78,"column":26},"end":{"line":78,"column":45}},"skip":true},"6":{"name":"(anonymous_6)","line":123,"loc":{"start":{"line":123,"column":33},"end":{"line":123,"column":48}},"skip":true},"7":{"name":"(anonymous_7)","line":125,"loc":{"start":{"line":125,"column":27},"end":{"line":125,"column":39}},"skip":true},"8":{"name":"(anonymous_8)","line":133,"loc":{"start":{"line":133,"column":59},"end":{"line":133,"column":74}},"skip":true},"9":{"name":"(anonymous_9)","line":143,"loc":{"start":{"line":143,"column":45},"end":{"line":143,"column":62}},"skip":true},"10":{"name":"(anonymous_10)","line":144,"loc":{"start":{"line":144,"column":73},"end":{"line":144,"column":92}},"skip":true},"11":{"name":"(anonymous_11)","line":272,"loc":{"start":{"line":272,"column":51},"end":{"line":272,"column":77}},"skip":true},"12":{"name":"(anonymous_12)","line":314,"loc":{"start":{"line":314,"column":32},"end":{"line":314,"column":61}},"skip":true}},"statementMap":{"1":{"start":{"line":26,"column":0},"end":{"line":325,"column":5}},"2":{"start":{"line":28,"column":4},"end":{"line":28,"column":14}},"3":{"start":{"line":33,"column":4},"end":{"line":60,"column":9}},"4":{"start":{"line":35,"column":8},"end":{"line":35,"column":19}},"5":{"start":{"line":37,"column":8},"end":{"line":49,"column":13}},"6":{"start":{"line":38,"column":12},"end":{"line":48,"column":13}},"7":{"start":{"line":39,"column":16},"end":{"line":42,"column":30}},"8":{"start":{"line":44,"column":16},"end":{"line":47,"column":27}},"9":{"start":{"line":51,"column":8},"end":{"line":53,"column":21}},"10":{"start":{"line":55,"column":8},"end":{"line":57,"column":45}},"11":{"start":{"line":59,"column":8},"end":{"line":59,"column":35}},"12":{"start":{"line":61,"column":4},"end":{"line":324,"column":5}},"13":{"start":{"line":69,"column":8},"end":{"line":121,"column":10},"skip":true},"14":{"start":{"line":70,"column":12},"end":{"line":88,"column":13},"skip":true},"15":{"start":{"line":76,"column":16},"end":{"line":87,"column":19},"skip":true},"16":{"start":{"line":79,"column":20},"end":{"line":86,"column":21},"skip":true},"17":{"start":{"line":82,"column":24},"end":{"line":82,"column":43},"skip":true},"18":{"start":{"line":83,"column":24},"end":{"line":83,"column":30},"skip":true},"19":{"start":{"line":85,"column":24},"end":{"line":85,"column":49},"skip":true},"20":{"start":{"line":89,"column":12},"end":{"line":107,"column":13},"skip":true},"21":{"start":{"line":92,"column":16},"end":{"line":102,"column":17},"skip":true},"22":{"start":{"line":93,"column":20},"end":{"line":93,"column":86},"skip":true},"23":{"start":{"line":94,"column":20},"end":{"line":95,"column":45},"skip":true},"24":{"start":{"line":96,"column":20},"end":{"line":96,"column":42},"skip":true},"25":{"start":{"line":97,"column":20},"end":{"line":97,"column":48},"skip":true},"26":{"start":{"line":100,"column":20},"end":{"line":100,"column":85},"skip":true},"27":{"start":{"line":101,"column":20},"end":{"line":101,"column":96},"skip":true},"28":{"start":{"line":103,"column":16},"end":{"line":103,"column":22},"skip":true},"29":{"start":{"line":106,"column":16},"end":{"line":106,"column":22},"skip":true},"30":{"start":{"line":108,"column":12},"end":{"line":120,"column":13},"skip":true},"31":{"start":{"line":114,"column":16},"end":{"line":119,"column":17},"skip":true},"32":{"start":{"line":116,"column":20},"end":{"line":116,"column":78},"skip":true},"33":{"start":{"line":118,"column":20},"end":{"line":118,"column":47},"skip":true},"34":{"start":{"line":123,"column":8},"end":{"line":141,"column":11},"skip":true},"35":{"start":{"line":124,"column":12},"end":{"line":124,"column":54},"skip":true},"36":{"start":{"line":125,"column":12},"end":{"line":140,"column":14},"skip":true},"37":{"start":{"line":126,"column":16},"end":{"line":126,"column":28},"skip":true},"38":{"start":{"line":127,"column":16},"end":{"line":127,"column":69},"skip":true},"39":{"start":{"line":128,"column":16},"end":{"line":128,"column":75},"skip":true},"40":{"start":{"line":129,"column":16},"end":{"line":131,"column":17},"skip":true},"41":{"start":{"line":130,"column":20},"end":{"line":130,"column":27},"skip":true},"42":{"start":{"line":133,"column":16},"end":{"line":137,"column":36},"skip":true},"43":{"start":{"line":134,"column":20},"end":{"line":136,"column":55},"skip":true},"44":{"start":{"line":139,"column":16},"end":{"line":139,"column":57},"skip":true},"45":{"start":{"line":143,"column":8},"end":{"line":147,"column":11},"skip":true},"46":{"start":{"line":144,"column":12},"end":{"line":146,"column":15},"skip":true},"47":{"start":{"line":145,"column":16},"end":{"line":145,"column":70},"skip":true},"48":{"start":{"line":149,"column":8},"end":{"line":149,"column":31},"skip":true},"49":{"start":{"line":150,"column":8},"end":{"line":150,"column":14},"skip":true},"50":{"start":{"line":158,"column":8},"end":{"line":158,"column":31},"skip":true},"51":{"start":{"line":160,"column":8},"end":{"line":160,"column":33},"skip":true},"52":{"start":{"line":161,"column":8},"end":{"line":161,"column":37},"skip":true},"53":{"start":{"line":162,"column":8},"end":{"line":162,"column":35},"skip":true},"54":{"start":{"line":164,"column":8},"end":{"line":164,"column":50},"skip":true},"55":{"start":{"line":166,"column":8},"end":{"line":256,"column":2},"skip":true},"56":{"start":{"line":258,"column":8},"end":{"line":286,"column":9},"skip":true},"57":{"start":{"line":259,"column":12},"end":{"line":269,"column":14},"skip":true},"58":{"start":{"line":271,"column":12},"end":{"line":285,"column":19},"skip":true},"59":{"start":{"line":274,"column":20},"end":{"line":274,"column":35},"skip":true},"60":{"start":{"line":275,"column":20},"end":{"line":284,"column":21},"skip":true},"61":{"start":{"line":277,"column":24},"end":{"line":277,"column":64},"skip":true},"62":{"start":{"line":279,"column":24},"end":{"line":279,"column":40},"skip":true},"63":{"start":{"line":281,"column":24},"end":{"line":281,"column":40},"skip":true},"64":{"start":{"line":283,"column":24},"end":{"line":283,"column":39},"skip":true},"65":{"start":{"line":288,"column":8},"end":{"line":290,"column":9},"skip":true},"66":{"start":{"line":289,"column":12},"end":{"line":289,"column":18},"skip":true},"67":{"start":{"line":291,"column":8},"end":{"line":293,"column":54},"skip":true},"68":{"start":{"line":294,"column":8},"end":{"line":301,"column":37},"skip":true},"69":{"start":{"line":302,"column":8},"end":{"line":302,"column":82},"skip":true},"70":{"start":{"line":305,"column":8},"end":{"line":307,"column":9},"skip":true},"71":{"start":{"line":306,"column":12},"end":{"line":306,"column":82},"skip":true},"72":{"start":{"line":309,"column":8},"end":{"line":311,"column":9},"skip":true},"73":{"start":{"line":310,"column":12},"end":{"line":310,"column":18},"skip":true},"74":{"start":{"line":312,"column":8},"end":{"line":312,"column":54},"skip":true},"75":{"start":{"line":313,"column":8},"end":{"line":313,"column":69},"skip":true},"76":{"start":{"line":314,"column":8},"end":{"line":322,"column":36},"skip":true},"77":{"start":{"line":315,"column":12},"end":{"line":315,"column":61},"skip":true},"78":{"start":{"line":316,"column":12},"end":{"line":319,"column":13},"skip":true},"79":{"start":{"line":317,"column":16},"end":{"line":317,"column":75},"skip":true},"80":{"start":{"line":318,"column":16},"end":{"line":318,"column":23},"skip":true},"81":{"start":{"line":320,"column":12},"end":{"line":320,"column":38},"skip":true},"82":{"start":{"line":321,"column":12},"end":{"line":321,"column":27},"skip":true},"83":{"start":{"line":323,"column":8},"end":{"line":323,"column":14},"skip":true}},"branchMap":{"1":{"line":39,"type":"binary-expr","locations":[{"start":{"line":39,"column":23},"end":{"line":39,"column":62}},{"start":{"line":40,"column":20},"end":{"line":40,"column":70}},{"start":{"line":41,"column":20},"end":{"line":41,"column":71}},{"start":{"line":42,"column":20},"end":{"line":42,"column":29}}]},"2":{"line":44,"type":"binary-expr","locations":[{"start":{"line":44,"column":23},"end":{"line":44,"column":37}},{"start":{"line":45,"column":20},"end":{"line":45,"column":61}},{"start":{"line":46,"column":20},"end":{"line":46,"column":70}},{"start":{"line":47,"column":20},"end":{"line":47,"column":26}}]},"3":{"line":51,"type":"cond-expr","locations":[{"start":{"line":52,"column":14},"end":{"line":52,"column":20}},{"start":{"line":53,"column":14},"end":{"line":53,"column":20}}]},"4":{"line":55,"type":"binary-expr","locations":[{"start":{"line":55,"column":16},"end":{"line":55,"column":44}},{"start":{"line":55,"column":49},"end":{"line":57,"column":43}}]},"5":{"line":55,"type":"cond-expr","locations":[{"start":{"line":56,"column":14},"end":{"line":56,"column":52}},{"start":{"line":57,"column":14},"end":{"line":57,"column":43}}]},"6":{"line":61,"type":"switch","locations":[{"start":{"line":68,"column":4},"end":{"line":150,"column":14},"skip":true},{"start":{"line":156,"column":4},"end":{"line":323,"column":14},"skip":true}]},"7":{"line":70,"type":"if","locations":[{"start":{"line":70,"column":12},"end":{"line":70,"column":12},"skip":true},{"start":{"line":70,"column":12},"end":{"line":70,"column":12},"skip":true}]},"8":{"line":70,"type":"binary-expr","locations":[{"start":{"line":70,"column":16},"end":{"line":70,"column":22},"skip":true},{"start":{"line":70,"column":27},"end":{"line":70,"column":32},"skip":true},{"start":{"line":71,"column":20},"end":{"line":71,"column":39},"skip":true},{"start":{"line":72,"column":20},"end":{"line":72,"column":49},"skip":true},{"start":{"line":73,"column":20},"end":{"line":73,"column":58},"skip":true},{"start":{"line":74,"column":20},"end":{"line":74,"column":69},"skip":true}]},"9":{"line":79,"type":"switch","locations":[{"start":{"line":80,"column":20},"end":{"line":80,"column":33},"skip":true},{"start":{"line":81,"column":20},"end":{"line":83,"column":30},"skip":true},{"start":{"line":84,"column":20},"end":{"line":85,"column":49},"skip":true}]},"10":{"line":89,"type":"switch","locations":[{"start":{"line":90,"column":12},"end":{"line":103,"column":22},"skip":true},{"start":{"line":105,"column":12},"end":{"line":106,"column":22},"skip":true}]},"11":{"line":89,"type":"binary-expr","locations":[{"start":{"line":89,"column":20},"end":{"line":89,"column":25},"skip":true},{"start":{"line":89,"column":29},"end":{"line":89,"column":48},"skip":true},{"start":{"line":89,"column":52},"end":{"line":89,"column":74},"skip":true}]},"12":{"line":92,"type":"if","locations":[{"start":{"line":92,"column":16},"end":{"line":92,"column":16},"skip":true},{"start":{"line":92,"column":16},"end":{"line":92,"column":16},"skip":true}]},"13":{"line":108,"type":"if","locations":[{"start":{"line":108,"column":12},"end":{"line":108,"column":12},"skip":true},{"start":{"line":108,"column":12},"end":{"line":108,"column":12},"skip":true}]},"14":{"line":108,"type":"binary-expr","locations":[{"start":{"line":108,"column":16},"end":{"line":108,"column":61},"skip":true},{"start":{"line":108,"column":66},"end":{"line":108,"column":72},"skip":true},{"start":{"line":108,"column":77},"end":{"line":108,"column":82},"skip":true},{"start":{"line":109,"column":20},"end":{"line":109,"column":39},"skip":true},{"start":{"line":110,"column":20},"end":{"line":110,"column":49},"skip":true},{"start":{"line":111,"column":20},"end":{"line":111,"column":58},"skip":true},{"start":{"line":112,"column":20},"end":{"line":112,"column":68},"skip":true}]},"15":{"line":129,"type":"if","locations":[{"start":{"line":129,"column":16},"end":{"line":129,"column":16},"skip":true},{"start":{"line":129,"column":16},"end":{"line":129,"column":16},"skip":true}]},"16":{"line":134,"type":"cond-expr","locations":[{"start":{"line":135,"column":26},"end":{"line":135,"column":29},"skip":true},{"start":{"line":136,"column":26},"end":{"line":136,"column":54},"skip":true}]},"17":{"line":164,"type":"binary-expr","locations":[{"start":{"line":164,"column":27},"end":{"line":164,"column":43},"skip":true},{"start":{"line":164,"column":47},"end":{"line":164,"column":49},"skip":true}]},"18":{"line":258,"type":"if","locations":[{"start":{"line":258,"column":8},"end":{"line":258,"column":8},"skip":true},{"start":{"line":258,"column":8},"end":{"line":258,"column":8},"skip":true}]},"19":{"line":275,"type":"switch","locations":[{"start":{"line":276,"column":20},"end":{"line":277,"column":64},"skip":true},{"start":{"line":278,"column":20},"end":{"line":279,"column":40},"skip":true},{"start":{"line":280,"column":20},"end":{"line":281,"column":40},"skip":true},{"start":{"line":282,"column":20},"end":{"line":283,"column":39},"skip":true}]},"20":{"line":288,"type":"if","locations":[{"start":{"line":288,"column":8},"end":{"line":288,"column":8},"skip":true},{"start":{"line":288,"column":8},"end":{"line":288,"column":8},"skip":true}]},"21":{"line":288,"type":"binary-expr","locations":[{"start":{"line":288,"column":12},"end":{"line":288,"column":40},"skip":true},{"start":{"line":288,"column":44},"end":{"line":288,"column":67},"skip":true}]},"22":{"line":292,"type":"binary-expr","locations":[{"start":{"line":292,"column":12},"end":{"line":292,"column":50},"skip":true},{"start":{"line":293,"column":12},"end":{"line":293,"column":53},"skip":true}]},"23":{"line":295,"type":"binary-expr","locations":[{"start":{"line":295,"column":12},"end":{"line":295,"column":66},"skip":true},{"start":{"line":296,"column":12},"end":{"line":301,"column":36},"skip":true}]},"24":{"line":302,"type":"binary-expr","locations":[{"start":{"line":302,"column":43},"end":{"line":302,"column":75},"skip":true},{"start":{"line":302,"column":79},"end":{"line":302,"column":81},"skip":true}]},"25":{"line":305,"type":"if","locations":[{"start":{"line":305,"column":8},"end":{"line":305,"column":8},"skip":true},{"start":{"line":305,"column":8},"end":{"line":305,"column":8},"skip":true}]},"26":{"line":309,"type":"if","locations":[{"start":{"line":309,"column":8},"end":{"line":309,"column":8},"skip":true},{"start":{"line":309,"column":8},"end":{"line":309,"column":8},"skip":true}]},"27":{"line":312,"type":"binary-expr","locations":[{"start":{"line":312,"column":27},"end":{"line":312,"column":43},"skip":true},{"start":{"line":312,"column":47},"end":{"line":312,"column":53},"skip":true}]},"28":{"line":316,"type":"if","locations":[{"start":{"line":316,"column":12},"end":{"line":316,"column":12},"skip":true},{"start":{"line":316,"column":12},"end":{"line":316,"column":12},"skip":true}]}},"code":["/*","example.js","","quickstart example","","instruction","    1. save this script as example.js","    2. run the shell command:","        $ npm install npmtest-rpi-gpio && PORT=8081 node example.js","    3. play with the browser-demo on http://127.0.0.1:8081","*/","","","","/* istanbul instrument in package npmtest_rpi_gpio */","/*jslint","    bitwise: true,","    browser: true,","    maxerr: 8,","    maxlen: 96,","    node: true,","    nomen: true,","    regexp: true,","    stupid: true","*/","(function () {","    'use strict';","    var local;","","","","    // run shared js-env code - pre-init","    (function () {","        // init local","        local = {};","        // init modeJs","        local.modeJs = (function () {","            try {","                return typeof navigator.userAgent === 'string' &&","                    typeof document.querySelector('body') === 'object' &&","                    typeof XMLHttpRequest.prototype.open === 'function' &&","                    'browser';","            } catch (errorCaughtBrowser) {","                return module.exports &&","                    typeof process.versions.node === 'string' &&","                    typeof require('http').createServer === 'function' &&","                    'node';","            }","        }());","        // init global","        local.global = local.modeJs === 'browser'","            ? window","            : global;","        // init utility2_rollup","        local = local.global.utility2_rollup || (local.modeJs === 'browser'","            ? local.global.utility2_npmtest_rpi_gpio","            : global.utility2_moduleExports);","        // export local","        local.global.local = local;","    }());","    switch (local.modeJs) {","","","","    // post-init","    // run browser js-env code - post-init","    /* istanbul ignore next */","    case 'browser':","        local.testRunBrowser = function (event) {","            if (!event || (event &&","                    event.currentTarget &&","                    event.currentTarget.className &&","                    event.currentTarget.className.includes &&","                    event.currentTarget.className.includes('onreset'))) {","                // reset output","                Array.from(","                    document.querySelectorAll('body > .resettable')","                ).forEach(function (element) {","                    switch (element.tagName) {","                    case 'INPUT':","                    case 'TEXTAREA':","                        element.value = '';","                        break;","                    default:","                        element.textContent = '';","                    }","                });","            }","            switch (event && event.currentTarget && event.currentTarget.id) {","            case 'testRunButton1':","                // show tests","                if (document.querySelector('#testReportDiv1').style.display === 'none') {","                    document.querySelector('#testReportDiv1').style.display = 'block';","                    document.querySelector('#testRunButton1').textContent =","                        'hide internal test';","                    local.modeTest = true;","                    local.testRunDefault(local);","                // hide tests","                } else {","                    document.querySelector('#testReportDiv1').style.display = 'none';","                    document.querySelector('#testRunButton1').textContent = 'run internal test';","                }","                break;","            // custom-case","            default:","                break;","            }","            if (document.querySelector('#inputTextareaEval1') && (!event || (event &&","                    event.currentTarget &&","                    event.currentTarget.className &&","                    event.currentTarget.className.includes &&","                    event.currentTarget.className.includes('oneval')))) {","                // try to eval input-code","                try {","                    /*jslint evil: true*/","                    eval(document.querySelector('#inputTextareaEval1').value);","                } catch (errorCaught) {","                    console.error(errorCaught);","                }","            }","        };","        // log stderr and stdout to #outputTextareaStdout1","        ['error', 'log'].forEach(function (key) {","            console[key + '_original'] = console[key];","            console[key] = function () {","                var element;","                console[key + '_original'].apply(console, arguments);","                element = document.querySelector('#outputTextareaStdout1');","                if (!element) {","                    return;","                }","                // append text to #outputTextareaStdout1","                element.value += Array.from(arguments).map(function (arg) {","                    return typeof arg === 'string'","                        ? arg","                        : JSON.stringify(arg, null, 4);","                }).join(' ') + '\\n';","                // scroll textarea to bottom","                element.scrollTop = element.scrollHeight;","            };","        });","        // init event-handling","        ['change', 'click', 'keyup'].forEach(function (event) {","            Array.from(document.querySelectorAll('.on' + event)).forEach(function (element) {","                element.addEventListener(event, local.testRunBrowser);","            });","        });","        // run tests","        local.testRunBrowser();","        break;","","","","    // run node js-env code - post-init","    /* istanbul ignore next */","    case 'node':","        // export local","        module.exports = local;","        // require modules","        local.fs = require('fs');","        local.http = require('http');","        local.url = require('url');","        // init assets","        local.assetsDict = local.assetsDict || {};","        /* jslint-ignore-begin */","        local.assetsDict['/assets.index.template.html'] = '\\","<!doctype html>\\n\\","<html lang=\"en\">\\n\\","<head>\\n\\","<meta charset=\"UTF-8\">\\n\\","<meta name=\"viewport\" content=\"width=device-width, initial-scale=1\">\\n\\","<title>{{env.npm_package_name}} (v{{env.npm_package_version}})</title>\\n\\","<style>\\n\\","/*csslint\\n\\","    box-sizing: false,\\n\\","    universal-selector: false\\n\\","*/\\n\\","* {\\n\\","    box-sizing: border-box;\\n\\","}\\n\\","body {\\n\\","    background: #dde;\\n\\","    font-family: Arial, Helvetica, sans-serif;\\n\\","    margin: 2rem;\\n\\","}\\n\\","body > * {\\n\\","    margin-bottom: 1rem;\\n\\","}\\n\\",".utility2FooterDiv {\\n\\","    margin-top: 20px;\\n\\","    text-align: center;\\n\\","}\\n\\","</style>\\n\\","<style>\\n\\","/*csslint\\n\\","*/\\n\\","textarea {\\n\\","    font-family: monospace;\\n\\","    height: 10rem;\\n\\","    width: 100%;\\n\\","}\\n\\","textarea[readonly] {\\n\\","    background: #ddd;\\n\\","}\\n\\","</style>\\n\\","</head>\\n\\","<body>\\n\\","<!-- utility2-comment\\n\\","<div id=\"ajaxProgressDiv1\" style=\"background: #d00; height: 2px; left: 0; margin: 0; padding: 0; position: fixed; top: 0; transition: background 0.5s, width 1.5s; width: 25%;\"></div>\\n\\","utility2-comment -->\\n\\","<h1>\\n\\","<!-- utility2-comment\\n\\","    <a\\n\\","        {{#if env.npm_package_homepage}}\\n\\","        href=\"{{env.npm_package_homepage}}\"\\n\\","        {{/if env.npm_package_homepage}}\\n\\","        target=\"_blank\"\\n\\","    >\\n\\","utility2-comment -->\\n\\","        {{env.npm_package_name}} (v{{env.npm_package_version}})\\n\\","<!-- utility2-comment\\n\\","    </a>\\n\\","utility2-comment -->\\n\\","</h1>\\n\\","<h3>{{env.npm_package_description}}</h3>\\n\\","<!-- utility2-comment\\n\\","<h4><a download href=\"assets.app.js\">download standalone app</a></h4>\\n\\","<button class=\"onclick onreset\" id=\"testRunButton1\">run internal test</button><br>\\n\\","<div id=\"testReportDiv1\" style=\"display: none;\"></div>\\n\\","utility2-comment -->\\n\\","\\n\\","\\n\\","\\n\\","<label>stderr and stdout</label>\\n\\","<textarea class=\"resettable\" id=\"outputTextareaStdout1\" readonly></textarea>\\n\\","<!-- utility2-comment\\n\\","{{#if isRollup}}\\n\\","<script src=\"assets.app.js\"></script>\\n\\","{{#unless isRollup}}\\n\\","utility2-comment -->\\n\\","<script src=\"assets.utility2.rollup.js\"></script>\\n\\","<script src=\"jsonp.utility2._stateInit?callback=window.utility2._stateInit\"></script>\\n\\","<script src=\"assets.npmtest_rpi_gpio.rollup.js\"></script>\\n\\","<script src=\"assets.example.js\"></script>\\n\\","<script src=\"assets.test.js\"></script>\\n\\","<!-- utility2-comment\\n\\","{{/if isRollup}}\\n\\","utility2-comment -->\\n\\","<div class=\"utility2FooterDiv\">\\n\\","    [ this app was created with\\n\\","    <a href=\"https://github.com/kaizhu256/node-utility2\" target=\"_blank\">utility2</a>\\n\\","    ]\\n\\","</div>\\n\\","</body>\\n\\","</html>\\n\\","';","        /* jslint-ignore-end */","        if (local.templateRender) {","            local.assetsDict['/'] = local.templateRender(","                local.assetsDict['/assets.index.template.html'],","                {","                    env: local.objectSetDefault(local.env, {","                        npm_package_description: 'the greatest app in the world!',","                        npm_package_name: 'my-app',","                        npm_package_nameAlias: 'my_app',","                        npm_package_version: '0.0.1'","                    })","                }","            );","        } else {","            local.assetsDict['/'] = local.assetsDict['/assets.index.template.html']","                .replace((/\\{\\{env\\.(\\w+?)\\}\\}/g), function (match0, match1) {","                    // jslint-hack","                    String(match0);","                    switch (match1) {","                    case 'npm_package_description':","                        return 'the greatest app in the world!';","                    case 'npm_package_name':","                        return 'my-app';","                    case 'npm_package_nameAlias':","                        return 'my_app';","                    case 'npm_package_version':","                        return '0.0.1';","                    }","                });","        }","        // run the cli","        if (local.global.utility2_rollup || module !== require.main) {","            break;","        }","        local.assetsDict['/assets.example.js'] =","            local.assetsDict['/assets.example.js'] ||","            local.fs.readFileSync(__filename, 'utf8');","        local.assetsDict['/assets.npmtest_rpi_gpio.rollup.js'] =","            local.assetsDict['/assets.npmtest_rpi_gpio.rollup.js'] ||","            local.fs.readFileSync(","                // buildCustomOrg-hack","                local.npmtest_rpi_gpio.__dirname +","                    '/lib.npmtest_rpi_gpio.js',","                'utf8'","            ).replace((/^#!/), '//');","        local.assetsDict['/favicon.ico'] = local.assetsDict['/favicon.ico'] || '';","        // if $npm_config_timeout_exit exists,","        // then exit this process after $npm_config_timeout_exit ms","        if (Number(process.env.npm_config_timeout_exit)) {","            setTimeout(process.exit, Number(process.env.npm_config_timeout_exit));","        }","        // start server","        if (local.global.utility2_serverHttp1) {","            break;","        }","        process.env.PORT = process.env.PORT || '8081';","        console.error('server starting on port ' + process.env.PORT);","        local.http.createServer(function (request, response) {","            request.urlParsed = local.url.parse(request.url);","            if (local.assetsDict[request.urlParsed.pathname] !== undefined) {","                response.end(local.assetsDict[request.urlParsed.pathname]);","                return;","            }","            response.statusCode = 404;","            response.end();","        }).listen(process.env.PORT);","        break;","    }","}());",""],"l":{"26":2,"28":2,"33":2,"35":2,"37":2,"38":2,"39":2,"44":1,"51":2,"55":2,"59":2,"61":2,"69":1,"70":2,"76":2,"79":2,"82":2,"83":2,"85":1,"89":2,"92":1,"93":1,"94":1,"96":1,"97":1,"100":1,"101":1,"103":1,"106":1,"108":2,"114":1,"116":1,"118":1,"123":1,"124":2,"125":2,"126":2,"127":2,"128":2,"129":2,"130":1,"133":2,"134":2,"139":2,"143":1,"144":3,"145":1,"149":1,"150":1,"158":1,"160":1,"161":1,"162":1,"164":1,"166":1,"258":1,"259":1,"271":1,"274":6,"275":6,"277":1,"279":2,"281":1,"283":2,"288":1,"289":1,"291":1,"294":1,"302":1,"305":1,"306":1,"309":1,"310":1,"312":1,"313":1,"314":1,"315":1,"316":1,"317":1,"318":1,"320":1,"321":1,"323":1}},"/home/travis/build/npmtest/node-npmtest-rpi-gpio/node_modules/rpi-gpio/rpi-gpio.js":{"path":"/home/travis/build/npmtest/node-npmtest-rpi-gpio/node_modules/rpi-gpio/rpi-gpio.js","s":{"1":1,"2":1,"3":1,"4":1,"5":1,"6":1,"7":1,"8":1,"9":1,"10":1,"11":1,"12":1,"13":1,"14":1,"15":1,"16":1,"17":1,"18":1,"19":1,"20":1,"21":1,"22":1,"23":1,"24":1,"25":1,"26":0,"27":0,"28":0,"29":0,"30":0,"31":1,"32":0,"33":0,"34":0,"35":0,"36":0,"37":0,"38":0,"39":0,"40":0,"41":0,"42":0,"43":0,"44":0,"45":0,"46":0,"47":0,"48":0,"49":0,"50":0,"51":0,"52":0,"53":0,"54":0,"55":0,"56":0,"57":0,"58":0,"59":0,"60":0,"61":0,"62":0,"63":0,"64":0,"65":0,"66":0,"67":0,"68":0,"69":0,"70":0,"71":0,"72":0,"73":0,"74":0,"75":0,"76":0,"77":0,"78":0,"79":0,"80":1,"81":0,"82":0,"83":0,"84":0,"85":0,"86":0,"87":0,"88":0,"89":1,"90":0,"91":0,"92":0,"93":0,"94":0,"95":0,"96":0,"97":0,"98":0,"99":0,"100":0,"101":0,"102":1,"103":0,"104":0,"105":0,"106":0,"107":0,"108":1,"109":1,"110":1,"111":1,"112":1,"113":1,"114":1,"115":1,"116":1,"117":1,"118":0,"119":0,"120":0,"121":0,"122":0,"123":0,"124":0,"125":0,"126":0,"127":0,"128":0,"129":1,"130":0,"131":1,"132":0,"133":0,"134":1,"135":0,"136":0,"137":0,"138":0,"139":0,"140":0,"141":0,"142":0,"143":0,"144":0,"145":0,"146":0,"147":0,"148":0,"149":1,"150":1,"151":0,"152":0,"153":0,"154":0,"155":1,"156":0,"157":0,"158":0,"159":0,"160":1,"161":0,"162":0,"163":0,"164":0,"165":1,"166":0,"167":0,"168":0,"169":0,"170":1,"171":0,"172":0,"173":1,"174":0,"175":0,"176":0,"177":0,"178":0,"179":1,"180":0,"181":1},"b":{"1":[0,0],"2":[0,0],"3":[0,0],"4":[0,0],"5":[0,0],"6":[0,0],"7":[0,0],"8":[0,0],"9":[0,0],"10":[0,0],"11":[0,0],"12":[0,0,0,0],"13":[0,0],"14":[0,0],"15":[0,0],"16":[0,0],"17":[0,0],"18":[0,0],"19":[0,0],"20":[0,0],"21":[0,0],"22":[0,0],"23":[0,0],"24":[0,0],"25":[0,0],"26":[0,0],"27":[0,0],"28":[0,0],"29":[0,0],"30":[0,0],"31":[0,0],"32":[0,0],"33":[0,0],"34":[0,0],"35":[0,0],"36":[0,0],"37":[0,0],"38":[0,0]},"f":{"1":1,"2":0,"3":0,"4":0,"5":0,"6":0,"7":0,"8":0,"9":0,"10":0,"11":0,"12":0,"13":0,"14":0,"15":0,"16":0,"17":0,"18":0,"19":0,"20":0,"21":0,"22":0,"23":0,"24":0,"25":0,"26":0,"27":0,"28":0,"29":1,"30":0,"31":0,"32":0,"33":0,"34":0,"35":0,"36":0,"37":0,"38":0,"39":0,"40":0,"41":0,"42":0,"43":0,"44":0,"45":0,"46":0,"47":0,"48":0},"fnMap":{"1":{"name":"Gpio","line":84,"loc":{"start":{"line":84,"column":0},"end":{"line":84,"column":16}}},"2":{"name":"(anonymous_2)","line":109,"loc":{"start":{"line":109,"column":19},"end":{"line":109,"column":34}}},"3":{"name":"(anonymous_3)","line":127,"loc":{"start":{"line":127,"column":17},"end":{"line":127,"column":69}}},"4":{"name":"(anonymous_4)","line":140,"loc":{"start":{"line":140,"column":29},"end":{"line":140,"column":40}}},"5":{"name":"(anonymous_5)","line":143,"loc":{"start":{"line":143,"column":36},"end":{"line":143,"column":47}}},"6":{"name":"(anonymous_6)","line":149,"loc":{"start":{"line":149,"column":36},"end":{"line":149,"column":47}}},"7":{"name":"(anonymous_7)","line":160,"loc":{"start":{"line":160,"column":36},"end":{"line":160,"column":47}}},"8":{"name":"(anonymous_8)","line":168,"loc":{"start":{"line":168,"column":12},"end":{"line":168,"column":27}}},"9":{"name":"(anonymous_9)","line":176,"loc":{"start":{"line":176,"column":12},"end":{"line":176,"column":39}}},"10":{"name":"(anonymous_10)","line":182,"loc":{"start":{"line":182,"column":12},"end":{"line":182,"column":27}}},"11":{"name":"(anonymous_11)","line":185,"loc":{"start":{"line":185,"column":12},"end":{"line":185,"column":27}}},"12":{"name":"(anonymous_12)","line":187,"loc":{"start":{"line":187,"column":16},"end":{"line":187,"column":28}}},"13":{"name":"(anonymous_13)","line":190,"loc":{"start":{"line":190,"column":16},"end":{"line":190,"column":29}}},"14":{"name":"(anonymous_14)","line":195,"loc":{"start":{"line":195,"column":12},"end":{"line":195,"column":27}}},"15":{"name":"(anonymous_15)","line":203,"loc":{"start":{"line":203,"column":18},"end":{"line":203,"column":31}}},"16":{"name":"(anonymous_16)","line":206,"loc":{"start":{"line":206,"column":18},"end":{"line":206,"column":32}}},"17":{"name":"(anonymous_17)","line":211,"loc":{"start":{"line":211,"column":12},"end":{"line":211,"column":27}}},"18":{"name":"(anonymous_18)","line":212,"loc":{"start":{"line":212,"column":32},"end":{"line":212,"column":54}}},"19":{"name":"(anonymous_19)","line":213,"loc":{"start":{"line":213,"column":43},"end":{"line":213,"column":64}}},"20":{"name":"(anonymous_20)","line":237,"loc":{"start":{"line":237,"column":31},"end":{"line":237,"column":68}}},"21":{"name":"(anonymous_21)","line":239,"loc":{"start":{"line":239,"column":19},"end":{"line":239,"column":30}}},"22":{"name":"(anonymous_22)","line":242,"loc":{"start":{"line":242,"column":36},"end":{"line":242,"column":47}}},"23":{"name":"(anonymous_23)","line":259,"loc":{"start":{"line":259,"column":29},"end":{"line":259,"column":65}}},"24":{"name":"(anonymous_24)","line":267,"loc":{"start":{"line":267,"column":36},"end":{"line":267,"column":47}}},"25":{"name":"(anonymous_25)","line":272,"loc":{"start":{"line":272,"column":62},"end":{"line":272,"column":82}}},"26":{"name":"(anonymous_26)","line":287,"loc":{"start":{"line":287,"column":19},"end":{"line":287,"column":32}}},"27":{"name":"(anonymous_27)","line":290,"loc":{"start":{"line":290,"column":17},"end":{"line":290,"column":31}}},"28":{"name":"(anonymous_28)","line":291,"loc":{"start":{"line":291,"column":23},"end":{"line":291,"column":38}}},"29":{"name":"(anonymous_29)","line":303,"loc":{"start":{"line":303,"column":17},"end":{"line":303,"column":28}}},"30":{"name":"setRaspberryVersion","line":319,"loc":{"start":{"line":319,"column":4},"end":{"line":319,"column":37}}},"31":{"name":"(anonymous_31)","line":324,"loc":{"start":{"line":324,"column":45},"end":{"line":324,"column":65}}},"32":{"name":"getPinRpi","line":344,"loc":{"start":{"line":344,"column":4},"end":{"line":344,"column":32}}},"33":{"name":"getPinBcm","line":348,"loc":{"start":{"line":348,"column":4},"end":{"line":348,"column":32}}},"34":{"name":"listen","line":386,"loc":{"start":{"line":386,"column":4},"end":{"line":386,"column":39}}},"35":{"name":"(anonymous_35)","line":394,"loc":{"start":{"line":394,"column":31},"end":{"line":394,"column":62}}},"36":{"name":"(anonymous_36)","line":404,"loc":{"start":{"line":404,"column":23},"end":{"line":404,"column":34}}},"37":{"name":"setEdge","line":411,"loc":{"start":{"line":411,"column":0},"end":{"line":411,"column":32}}},"38":{"name":"(anonymous_38)","line":413,"loc":{"start":{"line":413,"column":55},"end":{"line":413,"column":69}}},"39":{"name":"setDirection","line":418,"loc":{"start":{"line":418,"column":0},"end":{"line":418,"column":42}}},"40":{"name":"(anonymous_40)","line":420,"loc":{"start":{"line":420,"column":65},"end":{"line":420,"column":79}}},"41":{"name":"exportPin","line":425,"loc":{"start":{"line":425,"column":0},"end":{"line":425,"column":28}}},"42":{"name":"(anonymous_42)","line":427,"loc":{"start":{"line":427,"column":40},"end":{"line":427,"column":54}}},"43":{"name":"unexportPin","line":432,"loc":{"start":{"line":432,"column":0},"end":{"line":432,"column":30}}},"44":{"name":"(anonymous_44)","line":434,"loc":{"start":{"line":434,"column":42},"end":{"line":434,"column":56}}},"45":{"name":"isExported","line":439,"loc":{"start":{"line":439,"column":0},"end":{"line":439,"column":29}}},"46":{"name":"(anonymous_46)","line":440,"loc":{"start":{"line":440,"column":36},"end":{"line":440,"column":53}}},"47":{"name":"removeListener","line":445,"loc":{"start":{"line":445,"column":0},"end":{"line":445,"column":38}}},"48":{"name":"clearInterrupt","line":454,"loc":{"start":{"line":454,"column":0},"end":{"line":454,"column":28}}}},"statementMap":{"1":{"start":{"line":1,"column":0},"end":{"line":1,"column":33}},"2":{"start":{"line":2,"column":0},"end":{"line":2,"column":35}},"3":{"start":{"line":3,"column":0},"end":{"line":3,"column":50}},"4":{"start":{"line":4,"column":0},"end":{"line":4,"column":36}},"5":{"start":{"line":5,"column":0},"end":{"line":5,"column":48}},"6":{"start":{"line":6,"column":0},"end":{"line":6,"column":42}},"7":{"start":{"line":8,"column":0},"end":{"line":8,"column":29}},"8":{"start":{"line":9,"column":0},"end":{"line":82,"column":2}},"9":{"start":{"line":84,"column":0},"end":{"line":408,"column":1}},"10":{"start":{"line":85,"column":4},"end":{"line":85,"column":20}},"11":{"start":{"line":86,"column":4},"end":{"line":86,"column":31}},"12":{"start":{"line":87,"column":4},"end":{"line":87,"column":32}},"13":{"start":{"line":88,"column":4},"end":{"line":88,"column":41}},"14":{"start":{"line":89,"column":4},"end":{"line":89,"column":21}},"15":{"start":{"line":91,"column":4},"end":{"line":91,"column":25}},"16":{"start":{"line":92,"column":4},"end":{"line":92,"column":26}},"17":{"start":{"line":93,"column":4},"end":{"line":93,"column":26}},"18":{"start":{"line":94,"column":4},"end":{"line":94,"column":27}},"19":{"start":{"line":96,"column":4},"end":{"line":96,"column":31}},"20":{"start":{"line":97,"column":4},"end":{"line":97,"column":31}},"21":{"start":{"line":99,"column":4},"end":{"line":99,"column":31}},"22":{"start":{"line":100,"column":4},"end":{"line":100,"column":33}},"23":{"start":{"line":101,"column":4},"end":{"line":101,"column":34}},"24":{"start":{"line":102,"column":4},"end":{"line":102,"column":31}},"25":{"start":{"line":109,"column":4},"end":{"line":117,"column":6}},"26":{"start":{"line":110,"column":8},"end":{"line":116,"column":9}},"27":{"start":{"line":111,"column":12},"end":{"line":111,"column":45}},"28":{"start":{"line":112,"column":15},"end":{"line":116,"column":9}},"29":{"start":{"line":113,"column":12},"end":{"line":113,"column":45}},"30":{"start":{"line":115,"column":12},"end":{"line":115,"column":55}},"31":{"start":{"line":127,"column":4},"end":{"line":228,"column":6}},"32":{"start":{"line":128,"column":8},"end":{"line":135,"column":9}},"33":{"start":{"line":129,"column":12},"end":{"line":129,"column":32}},"34":{"start":{"line":130,"column":12},"end":{"line":130,"column":37}},"35":{"start":{"line":131,"column":12},"end":{"line":131,"column":34}},"36":{"start":{"line":132,"column":15},"end":{"line":135,"column":9}},"37":{"start":{"line":133,"column":12},"end":{"line":133,"column":27}},"38":{"start":{"line":134,"column":12},"end":{"line":134,"column":34}},"39":{"start":{"line":137,"column":8},"end":{"line":137,"column":35}},"40":{"start":{"line":138,"column":8},"end":{"line":138,"column":46}},"41":{"start":{"line":139,"column":8},"end":{"line":139,"column":38}},"42":{"start":{"line":140,"column":8},"end":{"line":140,"column":43}},"43":{"start":{"line":142,"column":8},"end":{"line":146,"column":9}},"44":{"start":{"line":143,"column":12},"end":{"line":145,"column":15}},"45":{"start":{"line":144,"column":16},"end":{"line":144,"column":63}},"46":{"start":{"line":148,"column":8},"end":{"line":152,"column":9}},"47":{"start":{"line":149,"column":12},"end":{"line":151,"column":15}},"48":{"start":{"line":150,"column":16},"end":{"line":150,"column":67}},"49":{"start":{"line":154,"column":8},"end":{"line":163,"column":9}},"50":{"start":{"line":160,"column":12},"end":{"line":162,"column":15}},"51":{"start":{"line":161,"column":16},"end":{"line":161,"column":62}},"52":{"start":{"line":165,"column":8},"end":{"line":165,"column":24}},"53":{"start":{"line":166,"column":8},"end":{"line":227,"column":20}},"54":{"start":{"line":169,"column":16},"end":{"line":169,"column":60}},"55":{"start":{"line":170,"column":16},"end":{"line":172,"column":17}},"56":{"start":{"line":171,"column":20},"end":{"line":171,"column":97}},"57":{"start":{"line":173,"column":16},"end":{"line":173,"column":52}},"58":{"start":{"line":174,"column":16},"end":{"line":174,"column":46}},"59":{"start":{"line":177,"column":16},"end":{"line":179,"column":17}},"60":{"start":{"line":178,"column":20},"end":{"line":178,"column":58}},"61":{"start":{"line":180,"column":16},"end":{"line":180,"column":34}},"62":{"start":{"line":183,"column":16},"end":{"line":183,"column":45}},"63":{"start":{"line":186,"column":14},"end":{"line":193,"column":19}},"64":{"start":{"line":188,"column":18},"end":{"line":188,"column":49}},"65":{"start":{"line":192,"column":18},"end":{"line":192,"column":28}},"66":{"start":{"line":196,"column":16},"end":{"line":200,"column":17}},"67":{"start":{"line":197,"column":20},"end":{"line":197,"column":58}},"68":{"start":{"line":199,"column":20},"end":{"line":199,"column":59}},"69":{"start":{"line":202,"column":16},"end":{"line":209,"column":21}},"70":{"start":{"line":204,"column":20},"end":{"line":204,"column":61}},"71":{"start":{"line":208,"column":20},"end":{"line":208,"column":30}},"72":{"start":{"line":212,"column":16},"end":{"line":224,"column":30}},"73":{"start":{"line":213,"column":20},"end":{"line":223,"column":34}},"74":{"start":{"line":214,"column":24},"end":{"line":220,"column":25}},"75":{"start":{"line":215,"column":28},"end":{"line":218,"column":30}},"76":{"start":{"line":219,"column":28},"end":{"line":219,"column":34}},"77":{"start":{"line":221,"column":24},"end":{"line":221,"column":97}},"78":{"start":{"line":222,"column":24},"end":{"line":222,"column":64}},"79":{"start":{"line":225,"column":16},"end":{"line":225,"column":22}},"80":{"start":{"line":237,"column":4},"end":{"line":251,"column":6}},"81":{"start":{"line":238,"column":8},"end":{"line":238,"column":48}},"82":{"start":{"line":239,"column":8},"end":{"line":239,"column":32}},"83":{"start":{"line":241,"column":8},"end":{"line":245,"column":9}},"84":{"start":{"line":242,"column":12},"end":{"line":244,"column":15}},"85":{"start":{"line":243,"column":16},"end":{"line":243,"column":69}},"86":{"start":{"line":247,"column":8},"end":{"line":247,"column":55}},"87":{"start":{"line":249,"column":8},"end":{"line":249,"column":58}},"88":{"start":{"line":250,"column":8},"end":{"line":250,"column":65}},"89":{"start":{"line":259,"column":4},"end":{"line":280,"column":6}},"90":{"start":{"line":260,"column":8},"end":{"line":262,"column":9}},"91":{"start":{"line":261,"column":12},"end":{"line":261,"column":58}},"92":{"start":{"line":264,"column":8},"end":{"line":264,"column":48}},"93":{"start":{"line":266,"column":8},"end":{"line":270,"column":9}},"94":{"start":{"line":267,"column":12},"end":{"line":269,"column":15}},"95":{"start":{"line":268,"column":16},"end":{"line":268,"column":59}},"96":{"start":{"line":272,"column":8},"end":{"line":279,"column":11}},"97":{"start":{"line":273,"column":12},"end":{"line":275,"column":13}},"98":{"start":{"line":274,"column":16},"end":{"line":274,"column":30}},"99":{"start":{"line":276,"column":12},"end":{"line":276,"column":45}},"100":{"start":{"line":277,"column":12},"end":{"line":277,"column":58}},"101":{"start":{"line":278,"column":12},"end":{"line":278,"column":42}},"102":{"start":{"line":287,"column":4},"end":{"line":298,"column":6}},"103":{"start":{"line":288,"column":8},"end":{"line":295,"column":15}},"104":{"start":{"line":291,"column":16},"end":{"line":294,"column":17}},"105":{"start":{"line":292,"column":20},"end":{"line":292,"column":48}},"106":{"start":{"line":293,"column":20},"end":{"line":293,"column":43}},"107":{"start":{"line":297,"column":8},"end":{"line":297,"column":34}},"108":{"start":{"line":303,"column":4},"end":{"line":311,"column":6}},"109":{"start":{"line":304,"column":8},"end":{"line":304,"column":32}},"110":{"start":{"line":305,"column":8},"end":{"line":305,"column":31}},"111":{"start":{"line":306,"column":8},"end":{"line":306,"column":34}},"112":{"start":{"line":308,"column":8},"end":{"line":308,"column":32}},"113":{"start":{"line":309,"column":8},"end":{"line":309,"column":41}},"114":{"start":{"line":310,"column":8},"end":{"line":310,"column":20}},"115":{"start":{"line":314,"column":4},"end":{"line":314,"column":28}},"116":{"start":{"line":315,"column":4},"end":{"line":315,"column":17}},"117":{"start":{"line":319,"column":4},"end":{"line":342,"column":5}},"118":{"start":{"line":320,"column":8},"end":{"line":322,"column":9}},"119":{"start":{"line":321,"column":12},"end":{"line":321,"column":28}},"120":{"start":{"line":324,"column":8},"end":{"line":341,"column":11}},"121":{"start":{"line":325,"column":12},"end":{"line":325,"column":36}},"122":{"start":{"line":325,"column":21},"end":{"line":325,"column":36}},"123":{"start":{"line":328,"column":12},"end":{"line":328,"column":76}},"124":{"start":{"line":329,"column":12},"end":{"line":329,"column":56}},"125":{"start":{"line":330,"column":12},"end":{"line":330,"column":64}},"126":{"start":{"line":332,"column":12},"end":{"line":336,"column":14}},"127":{"start":{"line":338,"column":12},"end":{"line":338,"column":43}},"128":{"start":{"line":340,"column":12},"end":{"line":340,"column":28}},"129":{"start":{"line":344,"column":4},"end":{"line":346,"column":5}},"130":{"start":{"line":345,"column":8},"end":{"line":345,"column":41}},"131":{"start":{"line":348,"column":4},"end":{"line":378,"column":5}},"132":{"start":{"line":349,"column":8},"end":{"line":349,"column":40}},"133":{"start":{"line":350,"column":8},"end":{"line":377,"column":58}},"134":{"start":{"line":386,"column":4},"end":{"line":407,"column":5}},"135":{"start":{"line":387,"column":8},"end":{"line":387,"column":48}},"136":{"start":{"line":389,"column":8},"end":{"line":391,"column":9}},"137":{"start":{"line":390,"column":12},"end":{"line":390,"column":73}},"138":{"start":{"line":393,"column":8},"end":{"line":393,"column":40}},"139":{"start":{"line":394,"column":8},"end":{"line":398,"column":11}},"140":{"start":{"line":395,"column":12},"end":{"line":395,"column":30}},"141":{"start":{"line":395,"column":21},"end":{"line":395,"column":30}},"142":{"start":{"line":396,"column":12},"end":{"line":396,"column":36}},"143":{"start":{"line":397,"column":12},"end":{"line":397,"column":30}},"144":{"start":{"line":400,"column":8},"end":{"line":400,"column":68}},"145":{"start":{"line":401,"column":8},"end":{"line":401,"column":27}},"146":{"start":{"line":402,"column":8},"end":{"line":402,"column":39}},"147":{"start":{"line":404,"column":8},"end":{"line":406,"column":9}},"148":{"start":{"line":405,"column":12},"end":{"line":405,"column":38}},"149":{"start":{"line":409,"column":0},"end":{"line":409,"column":34}},"150":{"start":{"line":411,"column":0},"end":{"line":416,"column":1}},"151":{"start":{"line":412,"column":4},"end":{"line":412,"column":60}},"152":{"start":{"line":413,"column":4},"end":{"line":415,"column":7}},"153":{"start":{"line":414,"column":8},"end":{"line":414,"column":31}},"154":{"start":{"line":414,"column":16},"end":{"line":414,"column":31}},"155":{"start":{"line":418,"column":0},"end":{"line":423,"column":1}},"156":{"start":{"line":419,"column":4},"end":{"line":419,"column":70}},"157":{"start":{"line":420,"column":4},"end":{"line":422,"column":7}},"158":{"start":{"line":421,"column":8},"end":{"line":421,"column":31}},"159":{"start":{"line":421,"column":16},"end":{"line":421,"column":31}},"160":{"start":{"line":425,"column":0},"end":{"line":430,"column":1}},"161":{"start":{"line":426,"column":4},"end":{"line":426,"column":32}},"162":{"start":{"line":427,"column":4},"end":{"line":429,"column":7}},"163":{"start":{"line":428,"column":8},"end":{"line":428,"column":31}},"164":{"start":{"line":428,"column":16},"end":{"line":428,"column":31}},"165":{"start":{"line":432,"column":0},"end":{"line":437,"column":1}},"166":{"start":{"line":433,"column":4},"end":{"line":433,"column":34}},"167":{"start":{"line":434,"column":4},"end":{"line":436,"column":7}},"168":{"start":{"line":435,"column":8},"end":{"line":435,"column":31}},"169":{"start":{"line":435,"column":16},"end":{"line":435,"column":31}},"170":{"start":{"line":439,"column":0},"end":{"line":443,"column":1}},"171":{"start":{"line":440,"column":4},"end":{"line":442,"column":7}},"172":{"start":{"line":441,"column":8},"end":{"line":441,"column":32}},"173":{"start":{"line":445,"column":0},"end":{"line":452,"column":1}},"174":{"start":{"line":446,"column":4},"end":{"line":448,"column":5}},"175":{"start":{"line":447,"column":8},"end":{"line":447,"column":14}},"176":{"start":{"line":449,"column":4},"end":{"line":449,"column":44}},"177":{"start":{"line":450,"column":4},"end":{"line":450,"column":18}},"178":{"start":{"line":451,"column":4},"end":{"line":451,"column":23}},"179":{"start":{"line":454,"column":0},"end":{"line":456,"column":1}},"180":{"start":{"line":455,"column":4},"end":{"line":455,"column":44}},"181":{"start":{"line":458,"column":0},"end":{"line":458,"column":26}}},"branchMap":{"1":{"line":110,"type":"if","locations":[{"start":{"line":110,"column":8},"end":{"line":110,"column":8}},{"start":{"line":110,"column":8},"end":{"line":110,"column":8}}]},"2":{"line":112,"type":"if","locations":[{"start":{"line":112,"column":15},"end":{"line":112,"column":15}},{"start":{"line":112,"column":15},"end":{"line":112,"column":15}}]},"3":{"line":128,"type":"if","locations":[{"start":{"line":128,"column":8},"end":{"line":128,"column":8}},{"start":{"line":128,"column":8},"end":{"line":128,"column":8}}]},"4":{"line":128,"type":"binary-expr","locations":[{"start":{"line":128,"column":12},"end":{"line":128,"column":34}},{"start":{"line":128,"column":38},"end":{"line":128,"column":68}}]},"5":{"line":132,"type":"if","locations":[{"start":{"line":132,"column":15},"end":{"line":132,"column":15}},{"start":{"line":132,"column":15},"end":{"line":132,"column":15}}]},"6":{"line":132,"type":"binary-expr","locations":[{"start":{"line":132,"column":19},"end":{"line":132,"column":41}},{"start":{"line":132,"column":45},"end":{"line":132,"column":70}}]},"7":{"line":138,"type":"binary-expr","locations":[{"start":{"line":138,"column":20},"end":{"line":138,"column":29}},{"start":{"line":138,"column":33},"end":{"line":138,"column":45}}]},"8":{"line":139,"type":"binary-expr","locations":[{"start":{"line":139,"column":15},"end":{"line":139,"column":19}},{"start":{"line":139,"column":23},"end":{"line":139,"column":37}}]},"9":{"line":140,"type":"binary-expr","locations":[{"start":{"line":140,"column":18},"end":{"line":140,"column":25}},{"start":{"line":140,"column":29},"end":{"line":140,"column":42}}]},"10":{"line":142,"type":"if","locations":[{"start":{"line":142,"column":8},"end":{"line":142,"column":8}},{"start":{"line":142,"column":8},"end":{"line":142,"column":8}}]},"11":{"line":148,"type":"if","locations":[{"start":{"line":148,"column":8},"end":{"line":148,"column":8}},{"start":{"line":148,"column":8},"end":{"line":148,"column":8}}]},"12":{"line":148,"type":"binary-expr","locations":[{"start":{"line":148,"column":12},"end":{"line":148,"column":37}},{"start":{"line":148,"column":41},"end":{"line":148,"column":67}},{"start":{"line":148,"column":71},"end":{"line":148,"column":97}},{"start":{"line":148,"column":101},"end":{"line":148,"column":128}}]},"13":{"line":154,"type":"if","locations":[{"start":{"line":154,"column":8},"end":{"line":154,"column":8}},{"start":{"line":154,"column":8},"end":{"line":154,"column":8}}]},"14":{"line":170,"type":"if","locations":[{"start":{"line":170,"column":16},"end":{"line":170,"column":16}},{"start":{"line":170,"column":16},"end":{"line":170,"column":16}}]},"15":{"line":177,"type":"if","locations":[{"start":{"line":177,"column":16},"end":{"line":177,"column":16}},{"start":{"line":177,"column":16},"end":{"line":177,"column":16}}]},"16":{"line":196,"type":"if","locations":[{"start":{"line":196,"column":16},"end":{"line":196,"column":16}},{"start":{"line":196,"column":16},"end":{"line":196,"column":16}}]},"17":{"line":214,"type":"if","locations":[{"start":{"line":214,"column":24},"end":{"line":214,"column":24}},{"start":{"line":214,"column":24},"end":{"line":214,"column":24}}]},"18":{"line":239,"type":"binary-expr","locations":[{"start":{"line":239,"column":13},"end":{"line":239,"column":15}},{"start":{"line":239,"column":19},"end":{"line":239,"column":32}}]},"19":{"line":241,"type":"if","locations":[{"start":{"line":241,"column":8},"end":{"line":241,"column":8}},{"start":{"line":241,"column":8},"end":{"line":241,"column":8}}]},"20":{"line":247,"type":"cond-expr","locations":[{"start":{"line":247,"column":45},"end":{"line":247,"column":48}},{"start":{"line":247,"column":51},"end":{"line":247,"column":54}}]},"21":{"line":247,"type":"binary-expr","locations":[{"start":{"line":247,"column":17},"end":{"line":247,"column":24}},{"start":{"line":247,"column":28},"end":{"line":247,"column":41}}]},"22":{"line":260,"type":"if","locations":[{"start":{"line":260,"column":8},"end":{"line":260,"column":8}},{"start":{"line":260,"column":8},"end":{"line":260,"column":8}}]},"23":{"line":266,"type":"if","locations":[{"start":{"line":266,"column":8},"end":{"line":266,"column":8}},{"start":{"line":266,"column":8},"end":{"line":266,"column":8}}]},"24":{"line":266,"type":"binary-expr","locations":[{"start":{"line":266,"column":12},"end":{"line":266,"column":35}},{"start":{"line":266,"column":39},"end":{"line":266,"column":63}}]},"25":{"line":273,"type":"if","locations":[{"start":{"line":273,"column":12},"end":{"line":273,"column":12}},{"start":{"line":273,"column":12},"end":{"line":273,"column":12}}]},"26":{"line":276,"type":"binary-expr","locations":[{"start":{"line":276,"column":19},"end":{"line":276,"column":37}},{"start":{"line":276,"column":41},"end":{"line":276,"column":44}}]},"27":{"line":320,"type":"if","locations":[{"start":{"line":320,"column":8},"end":{"line":320,"column":8}},{"start":{"line":320,"column":8},"end":{"line":320,"column":8}}]},"28":{"line":325,"type":"if","locations":[{"start":{"line":325,"column":12},"end":{"line":325,"column":12}},{"start":{"line":325,"column":12},"end":{"line":325,"column":12}}]},"29":{"line":330,"type":"cond-expr","locations":[{"start":{"line":330,"column":52},"end":{"line":330,"column":56}},{"start":{"line":330,"column":59},"end":{"line":330,"column":63}}]},"30":{"line":350,"type":"cond-expr","locations":[{"start":{"line":377,"column":37},"end":{"line":377,"column":49}},{"start":{"line":377,"column":53},"end":{"line":377,"column":57}}]},"31":{"line":389,"type":"if","locations":[{"start":{"line":389,"column":8},"end":{"line":389,"column":8}},{"start":{"line":389,"column":8},"end":{"line":389,"column":8}}]},"32":{"line":389,"type":"binary-expr","locations":[{"start":{"line":389,"column":12},"end":{"line":389,"column":35}},{"start":{"line":389,"column":39},"end":{"line":389,"column":63}}]},"33":{"line":395,"type":"if","locations":[{"start":{"line":395,"column":12},"end":{"line":395,"column":12}},{"start":{"line":395,"column":12},"end":{"line":395,"column":12}}]},"34":{"line":414,"type":"if","locations":[{"start":{"line":414,"column":8},"end":{"line":414,"column":8}},{"start":{"line":414,"column":8},"end":{"line":414,"column":8}}]},"35":{"line":421,"type":"if","locations":[{"start":{"line":421,"column":8},"end":{"line":421,"column":8}},{"start":{"line":421,"column":8},"end":{"line":421,"column":8}}]},"36":{"line":428,"type":"if","locations":[{"start":{"line":428,"column":8},"end":{"line":428,"column":8}},{"start":{"line":428,"column":8},"end":{"line":428,"column":8}}]},"37":{"line":435,"type":"if","locations":[{"start":{"line":435,"column":8},"end":{"line":435,"column":8}},{"start":{"line":435,"column":8},"end":{"line":435,"column":8}}]},"38":{"line":446,"type":"if","locations":[{"start":{"line":446,"column":4},"end":{"line":446,"column":4}},{"start":{"line":446,"column":4},"end":{"line":446,"column":4}}]}},"code":["var fs           = require('fs');","var util         = require('util');","var EventEmitter = require('events').EventEmitter;","var async        = require('async');","var debug        = require('debug')('rpi-gpio');","var Epoll        = require('epoll').Epoll;","","var PATH = '/sys/class/gpio';","var PINS = {","    v1: {","        // 1: 3.3v","        // 2: 5v","        '3':  0,","        // 4: 5v","        '5':  1,","        // 6: ground","        '7':  4,","        '8':  14,","        // 9: ground","        '10': 15,","        '11': 17,","        '12': 18,","        '13': 21,","        // 14: ground","        '15': 22,","        '16': 23,","        // 17: 3.3v","        '18': 24,","        '19': 10,","        // 20: ground","        '21': 9,","        '22': 25,","        '23': 11,","        '24': 8,","        // 25: ground","        '26': 7","    },","    v2: {","        // 1: 3.3v","        // 2: 5v","        '3':  2,","        // 4: 5v","        '5':  3,","        // 6: ground","        '7':  4,","        '8':  14,","        // 9: ground","        '10': 15,","        '11': 17,","        '12': 18,","        '13': 27,","        // 14: ground","        '15': 22,","        '16': 23,","        // 17: 3.3v","        '18': 24,","        '19': 10,","        // 20: ground","        '21': 9,","        '22': 25,","        '23': 11,","        '24': 8,","        // 25: ground","        '26': 7,","","        // Model B+ pins","        // 27: ID_SD","        // 28: ID_SC","        '29': 5,","        // 30: ground","        '31': 6,","        '32': 12,","        '33': 13,","        // 34: ground","        '35': 19,","        '36': 16,","        '37': 26,","        '38': 20,","        // 39: ground","        '40': 21","    }","};","","function Gpio() {","    var currentPins;","    var exportedInputPins = {};","    var exportedOutputPins = {};","    var getPinForCurrentMode = getPinRpi;","    var pollers = {};","","    this.DIR_IN   = 'in';","    this.DIR_OUT  = 'out';","    this.DIR_LOW  = 'low';","    this.DIR_HIGH = 'high';","","    this.MODE_RPI = 'mode_rpi';","    this.MODE_BCM = 'mode_bcm';","","    this.EDGE_NONE    = 'none';","    this.EDGE_RISING  = 'rising';","    this.EDGE_FALLING = 'falling';","    this.EDGE_BOTH    = 'both';","","    /**","     * Set pin reference mode. Defaults to 'mode_rpi'.","     *","     * @param {string} mode Pin reference mode, 'mode_rpi' or 'mode_bcm'","     */","    this.setMode = function(mode) {","        if (mode === this.MODE_RPI) {","            getPinForCurrentMode = getPinRpi;","        } else if (mode === this.MODE_BCM) {","            getPinForCurrentMode = getPinBcm;","        } else {","            throw new Error('Cannot set invalid mode');","        }","    };","","    /**","     * Setup a channel for use as an input or output","     *","     * @param {number}   channel   Reference to the pin in the current mode's schema","     * @param {string}   direction The pin direction, either 'in' or 'out'","     * @param edge       edge Informs the GPIO chip if it needs to generate interrupts. Either 'none', 'rising', 'falling' or 'both'. Defaults to 'none'","     * @param {function} onSetup   Optional callback","     */","    this.setup = function(channel, direction, edge, onSetup /*err*/) {","        if (arguments.length === 2 && typeof direction == 'function') {","            onSetup = direction;","            direction = this.DIR_OUT;","            edge = this.EDGE_NONE;","        } else if (arguments.length === 3 && typeof edge == 'function') {","            onSetup = edge;","            edge = this.EDGE_NONE;","        }","","        channel = parseInt(channel)","        direction = direction || this.DIR_OUT;","        edge = edge || this.EDGE_NONE;","        onSetup = onSetup || function() {};","","        if (typeof channel !== 'number') {","            return process.nextTick(function() {","                onSetup(new Error('Channel must be a number'));","            });","        }","","        if (direction !== this.DIR_IN && direction !== this.DIR_OUT && direction !== this.DIR_LOW && direction !== this.DIR_HIGH) {","            return process.nextTick(function() {","                onSetup(new Error('Cannot set invalid direction'));","            });","        }","","        if ([","            this.EDGE_NONE,","            this.EDGE_RISING,","            this.EDGE_FALLING,","            this.EDGE_BOTH","        ].indexOf(edge) == -1) {","            return process.nextTick(function() {","                onSetup(new Error('Cannot set invalid edge'));","            });","        }","","        var pinForSetup;","        async.waterfall([","            setRaspberryVersion,","            function(next) {","                pinForSetup = getPinForCurrentMode(channel);","                if (!pinForSetup) {","                    return next(new Error('Channel ' + channel + ' does not map to a GPIO pin'));","                }","                debug('set up pin %d', pinForSetup);","                isExported(pinForSetup, next);","            },","            function(isExported, next) {","                if (isExported) {","                    return unexportPin(pinForSetup, next);","                }","                return next(null);","            },","            function(next) {","                exportPin(pinForSetup, next);","            },","            function(next) {","              async.retry({times: 100, interval: 10},","                function(cb){","                  setEdge(pinForSetup, edge, cb);","                },","                function(err){","                  // wrapped here because waterfall can't handle positive result","                  next(err);","                });","            },","            function(next) {","                if (direction === this.DIR_IN) {","                    exportedInputPins[pinForSetup] = true;","                } else {","                    exportedOutputPins[pinForSetup] = true;","                }","","                async.retry({times: 100, interval: 10},","                  function(cb) {","                    setDirection(pinForSetup, direction, cb);","                  },","                  function(err) {","                    // wrapped here because waterfall can't handle positive result","                    next(err);","                  });","            }.bind(this),","            function(next) {","                listen(channel, function(readChannel) {","                    this.read(readChannel, function(err, value) {","                        if (err) {","                            debug(","                                'Error reading channel value after change, %d',","                                readChannel","                            );","                            return","                        }","                        debug('emitting change on channel %s with value %s', readChannel, value);","                        this.emit('change', readChannel, value);","                    }.bind(this));","                }.bind(this));","                next()","            }.bind(this)","        ], onSetup);","    };","","    /**","     * Write a value to a channel","     *","     * @param {number}   channel The channel to write to","     * @param {boolean}  value   If true, turns the channel on, else turns off","     * @param {function} cb      Optional callback","     */","    this.write = this.output = function(channel, value, cb /*err*/) {","        var pin = getPinForCurrentMode(channel);","        cb = cb || function() {}","","        if (!exportedOutputPins[pin]) {","            return process.nextTick(function() {","                cb(new Error('Pin has not been exported for write'));","            });","        }","","        value = (!!value && value !== '0') ? '1' : '0';","","        debug('writing pin %d with value %s', pin, value);","        fs.writeFile(PATH + '/gpio' + pin + '/value', value, cb);","    };","","    /**","     * Read a value from a channel","     *","     * @param {number}   channel The channel to read from","     * @param {function} cb      Callback which receives the channel's boolean value","     */","    this.read = this.input = function(channel, cb /*err,value*/) {","        if (typeof cb !== 'function') {","            throw new Error('A callback must be provided')","        }","","        var pin = getPinForCurrentMode(channel);","","        if (!exportedInputPins[pin] && !exportedOutputPins[pin]) {","            return process.nextTick(function() {","                cb(new Error('Pin has not been exported'));","            });","        }","","        fs.readFile(PATH + '/gpio' + pin + '/value', 'utf-8', function(err, data) {","            if (err) {","                return cb(err)","            }","            data = (data + '').trim() || '0';","            debug('read pin %s with value %s', pin, data);","            return cb(null, data === '1');","        });","    };","","    /**","     * Unexport any pins setup by this module","     *","     * @param {function} cb Optional callback","     */","    this.destroy = function(cb) {","        var tasks = Object.keys(exportedOutputPins)","            .concat(Object.keys(exportedInputPins))","            .map(function(pin) {","                return function(done) {","                    removeListener(pin, pollers)","                    unexportPin(pin, done);","                }","            });","","        async.parallel(tasks, cb);","    };","","    /**","     * Reset the state of the module","     */","    this.reset = function() {","        exportedOutputPins = {};","        exportedInputPins = {};","        this.removeAllListeners();","","        currentPins = undefined;","        getPinForCurrentMode = getPinRpi;","        pollers = {}","    };","","    // Init","    EventEmitter.call(this);","    this.reset();","","","    // Private functions requring access to state","    function setRaspberryVersion(cb) {","        if (currentPins) {","            return cb(null);","        }","","        fs.readFile('/proc/cpuinfo', 'utf8', function(err, data) {","            if (err) return cb(err);","","            // Match the last 4 digits of the number following \"Revision:\"","            var match = data.match(/Revision\\s*:\\s*[0-9a-f]*([0-9a-f]{4})/);","            var revisionNumber = parseInt(match[1], 16);","            var pinVersion = (revisionNumber < 4) ? 'v1' : 'v2';","","            debug(","                'seen hardware revision %d; using pin mode %s',","                revisionNumber,","                pinVersion","            );","","            currentPins = PINS[pinVersion];","","            return cb(null);","        });","    };","","    function getPinRpi(channel) {","        return currentPins[channel] + '';","    };","","    function getPinBcm(channel) {","        channel = parseInt(channel, 10);","        return [","            3,","            5,","            7,","            8,","            10,","            11,","            12,","            13,","            15,","            16,","            18,","            19,","            21,","            22,","            23,","            24,","            26,","            29,","            31,","            32,","            33,","            35,","            36,","            37,","            38,","            40","        ].indexOf(channel) !== -1 ? (channel + '') : null;","    };","","    /**","     * Listen for interrupts on a channel","     *","     * @param {number}      channel The channel to watch","     * @param {function}    cb Callback which receives the channel's err","     */","    function listen(channel, onChange) {","        var pin = getPinForCurrentMode(channel);","","        if (!exportedInputPins[pin] && !exportedOutputPins[pin]) {","            throw new Error('Channel %d has not been exported', channel);","        }","","        debug('listen for pin %d', pin);","        var poller = new Epoll(function(err, innerfd, events) {","            if (err) throw err","            clearInterrupt(innerfd);","            onChange(channel);","        });","","        var fd = fs.openSync(PATH + '/gpio' + pin + '/value', 'r+');","        clearInterrupt(fd);","        poller.add(fd, Epoll.EPOLLPRI);","        // Append ready-to-use remove function","        pollers[pin] = function() {","            poller.remove(fd).close();","        }","    };","}","util.inherits(Gpio, EventEmitter);","","function setEdge(pin, edge, cb) {","    debug('set edge %s on pin %d', edge.toUpperCase(), pin);","    fs.writeFile(PATH + '/gpio' + pin + '/edge', edge, function(err) {","        if (cb) return cb(err);","    });","}","","function setDirection(pin, direction, cb) {","    debug('set direction %s on pin %d', direction.toUpperCase(), pin);","    fs.writeFile(PATH + '/gpio' + pin + '/direction', direction, function(err) {","        if (cb) return cb(err);","    });","}","","function exportPin(pin, cb) {","    debug('export pin %d', pin);","    fs.writeFile(PATH + '/export', pin, function(err) {","        if (cb) return cb(err);","    });","}","","function unexportPin(pin, cb) {","    debug('unexport pin %d', pin);","    fs.writeFile(PATH + '/unexport', pin, function(err) {","        if (cb) return cb(err);","    });","}","","function isExported(pin, cb) {","    fs.exists(PATH + '/gpio' + pin, function(exists) {","        return cb(null, exists);","    });","}","","function removeListener(pin, pollers) {","    if (!pollers[pin]) {","        return","    }","    debug('remove listener for pin %d', pin)","    pollers[pin]()","    delete pollers[pin]","}","","function clearInterrupt(fd) {","    fs.readSync(fd, new Buffer(1), 0, 1, 0);","}","","module.exports = new Gpio;",""],"l":{"1":1,"2":1,"3":1,"4":1,"5":1,"6":1,"8":1,"9":1,"84":1,"85":1,"86":1,"87":1,"88":1,"89":1,"91":1,"92":1,"93":1,"94":1,"96":1,"97":1,"99":1,"100":1,"101":1,"102":1,"109":1,"110":0,"111":0,"112":0,"113":0,"115":0,"127":1,"128":0,"129":0,"130":0,"131":0,"132":0,"133":0,"134":0,"137":0,"138":0,"139":0,"140":0,"142":0,"143":0,"144":0,"148":0,"149":0,"150":0,"154":0,"160":0,"161":0,"165":0,"166":0,"169":0,"170":0,"171":0,"173":0,"174":0,"177":0,"178":0,"180":0,"183":0,"186":0,"188":0,"192":0,"196":0,"197":0,"199":0,"202":0,"204":0,"208":0,"212":0,"213":0,"214":0,"215":0,"219":0,"221":0,"222":0,"225":0,"237":1,"238":0,"239":0,"241":0,"242":0,"243":0,"247":0,"249":0,"250":0,"259":1,"260":0,"261":0,"264":0,"266":0,"267":0,"268":0,"272":0,"273":0,"274":0,"276":0,"277":0,"278":0,"287":1,"288":0,"291":0,"292":0,"293":0,"297":0,"303":1,"304":1,"305":1,"306":1,"308":1,"309":1,"310":1,"314":1,"315":1,"319":1,"320":0,"321":0,"324":0,"325":0,"328":0,"329":0,"330":0,"332":0,"338":0,"340":0,"344":1,"345":0,"348":1,"349":0,"350":0,"386":1,"387":0,"389":0,"390":0,"393":0,"394":0,"395":0,"396":0,"397":0,"400":0,"401":0,"402":0,"404":0,"405":0,"409":1,"411":1,"412":0,"413":0,"414":0,"418":1,"419":0,"420":0,"421":0,"425":1,"426":0,"427":0,"428":0,"432":1,"433":0,"434":0,"435":0,"439":1,"440":0,"441":0,"445":1,"446":0,"447":0,"449":0,"450":0,"451":0,"454":1,"455":0,"458":1}}}